<?xml version="1.0" encoding="UTF-8"?>
<!-- Generated by org.testng.reporters.JUnitXMLReporter -->
<testsuite ignored="0" hostname="hakantektas-MacBook-Pro.local" failures="0" tests="2" name="Surefire test" time="13.838" errors="0" timestamp="2023-02-23T14:46:47 TRT">
  <testcase classname="PageFactoryTest.signUpTestPageFactory" name="homePageUrlControl" time="0.144"/>
  <testcase classname="PageFactoryTest.signUpTestPageFactory" name="signUpFail" time="4.138"/>
</testsuite> <!-- Surefire test -->
