<?xml version="1.0" encoding="UTF-8"?>
<testng-results ignored="0" total="2" passed="2" failed="0" skipped="0">
  <reporter-output>
  </reporter-output>
  <suite started-at="2023-02-23T14:46:33 TRT" name="Surefire suite" finished-at="2023-02-23T14:46:47 TRT" duration-ms="13838">
    <groups>
    </groups>
    <test started-at="2023-02-23T14:46:33 TRT" name="Surefire test" finished-at="2023-02-23T14:46:47 TRT" duration-ms="13838">
      <class name="PageFactoryTest.signUpTestPageFactory">
        <test-method is-config="true" signature="setup()[pri:0, instance:PageFactoryTest.signUpTestPageFactory@71e9ddb4]" started-at="2023-02-23T14:46:33 TRT" name="setup" finished-at="2023-02-23T14:46:42 TRT" duration-ms="8866" status="PASS">
          <reporter-output>
          </reporter-output>
        </test-method> <!-- setup -->
        <test-method signature="homePageUrlControl()[pri:1, instance:PageFactoryTest.signUpTestPageFactory@71e9ddb4]" started-at="2023-02-23T14:46:42 TRT" name="homePageUrlControl" description="Home page current url control****" finished-at="2023-02-23T14:46:42 TRT" duration-ms="144" status="PASS">
          <reporter-output>
          </reporter-output>
        </test-method> <!-- homePageUrlControl -->
        <test-method signature="signUpFail()[pri:2, instance:PageFactoryTest.signUpTestPageFactory@71e9ddb4]" started-at="2023-02-23T14:46:42 TRT" name="signUpFail" description="Signup form control******" finished-at="2023-02-23T14:46:46 TRT" duration-ms="4138" status="PASS">
          <reporter-output>
          </reporter-output>
        </test-method> <!-- signUpFail -->
        <test-method is-config="true" signature="tearDown()[pri:0, instance:PageFactoryTest.signUpTestPageFactory@71e9ddb4]" started-at="2023-02-23T14:46:46 TRT" name="tearDown" finished-at="2023-02-23T14:46:47 TRT" duration-ms="613" status="PASS">
          <reporter-output>
          </reporter-output>
        </test-method> <!-- tearDown -->
      </class> <!-- PageFactoryTest.signUpTestPageFactory -->
    </test> <!-- Surefire test -->
  </suite> <!-- Surefire suite -->
</testng-results>
